MyApplication/app/build/outputs/logs/manifest-merger-debug-report.txt
-- Merging decision tree log ---
manifest
ADDED from src\main\AndroidManifest.xml:2:1-23:12
INJECTED from src\main\AndroidManifest.xml:2:1-23:12
INJECTED from src\main\AndroidManifest.xml:2:1-23:12
INJECTED from src\main\AndroidManifest.xml:2:1-23:12
MERGED from [:talkmsdklib-release:] AndroidManifest.xml:2:1-135:12
MERGED from [com.android.support:appcompat-v7:25.4.0] AndroidManifest.xml:17:1-31:12
MERGED from [com.android.support:cardview-v7:25.4.0] AndroidManifest.xml:17:1-28:12
MERGED from [com.android.support:recyclerview-v7:25.4.0] AndroidManifest.xml:17:1-28:12
MERGED from [com.android.support.constraint:constraint-layout:1.1.0] AndroidManifest.xml:2:1-11:12
MERGED from [pl.droidsonroids.gif:android-gif-drawable:1.2.12] AndroidManifest.xml:2:1-11:12
MERGED from [com.android.support:animated-vector-drawable:25.4.0] AndroidManifest.xml:17:1-28:12
MERGED from [com.android.support:support-vector-drawable:25.4.0] AndroidManifest.xml:17:1-28:12
MERGED from [com.android.support:support-v4:25.4.0] AndroidManifest.xml:17:1-31:12
MERGED from [com.android.support:support-fragment:25.4.0] AndroidManifest.xml:17:1-31:12
MERGED from [com.android.support:support-core-ui:25.4.0] AndroidManifest.xml:17:1-31:12
MERGED from [com.android.support:support-media-compat:25.4.0] AndroidManifest.xml:17:1-31:12
MERGED from [com.android.support:support-core-utils:25.4.0] AndroidManifest.xml:17:1-31:12
MERGED from [com.android.support:support-compat:25.4.0] AndroidManifest.xml:17:1-31:12
INJECTED from src\main\AndroidManifest.xml:2:1-23:12
INJECTED from src\main\AndroidManifest.xml:2:1-23:12
INJECTED from src\main\AndroidManifest.xml:2:1-23:12
	package
		ADDED from src\main\AndroidManifest.xml:4:5-47
		INJECTED from src\main\AndroidManifest.xml
		INJECTED from src\main\AndroidManifest.xml
	android:versionName
		INJECTED from src\main\AndroidManifest.xml
		ADDED from src\main\AndroidManifest.xml:2:1-23:12
		INJECTED from src\main\AndroidManifest.xml
	xmlns:tools
		ADDED from src\main\AndroidManifest.xml:3:5-51
	android:versionCode
		INJECTED from src\main\AndroidManifest.xml
		ADDED from src\main\AndroidManifest.xml:2:1-23:12
		INJECTED from src\main\AndroidManifest.xml
	xmlns:android
		ADDED from src\main\AndroidManifest.xml:2:11-69
application
ADDED from src\main\AndroidManifest.xml:6:5-21:19
MERGED from [:talkmsdklib-release:] AndroidManifest.xml:48:5-133:19
MERGED from [:talkmsdklib-release:] AndroidManifest.xml:48:5-133:19
MERGED from [com.android.support:appcompat-v7:25.4.0] AndroidManifest.xml:25:5-29:19
MERGED from [com.android.support:appcompat-v7:25.4.0] AndroidManifest.xml:25:5-29:19
MERGED from [com.android.support:cardview-v7:25.4.0] AndroidManifest.xml:22:5-26:19
MERGED from [com.android.support:cardview-v7:25.4.0] AndroidManifest.xml:22:5-26:19
MERGED from [com.android.support:recyclerview-v7:25.4.0] AndroidManifest.xml:22:5-26:19
MERGED from [com.android.support:recyclerview-v7:25.4.0] AndroidManifest.xml:22:5-26:19
MERGED from [com.android.support.constraint:constraint-layout:1.1.0] AndroidManifest.xml:9:5-20
MERGED from [com.android.support.constraint:constraint-layout:1.1.0] AndroidManifest.xml:9:5-20
MERGED from [com.android.support:animated-vector-drawable:25.4.0] AndroidManifest.xml:22:5-26:19
MERGED from [com.android.support:animated-vector-drawable:25.4.0] AndroidManifest.xml:22:5-26:19
MERGED from [com.android.support:support-vector-drawable:25.4.0] AndroidManifest.xml:22:5-26:19
MERGED from [com.android.support:support-vector-drawable:25.4.0] AndroidManifest.xml:22:5-26:19
MERGED from [com.android.support:support-v4:25.4.0] AndroidManifest.xml:25:5-29:19
MERGED from [com.android.support:support-v4:25.4.0] AndroidManifest.xml:25:5-29:19
MERGED from [com.android.support:support-fragment:25.4.0] AndroidManifest.xml:25:5-29:19
MERGED from [com.android.support:support-fragment:25.4.0] AndroidManifest.xml:25:5-29:19
MERGED from [com.android.support:support-core-ui:25.4.0] AndroidManifest.xml:25:5-29:19
MERGED from [com.android.support:support-core-ui:25.4.0] AndroidManifest.xml:25:5-29:19
MERGED from [com.android.support:support-media-compat:25.4.0] AndroidManifest.xml:25:5-29:19
MERGED from [com.android.support:support-media-compat:25.4.0] AndroidManifest.xml:25:5-29:19
MERGED from [com.android.support:support-core-utils:25.4.0] AndroidManifest.xml:25:5-29:19
MERGED from [com.android.support:support-core-utils:25.4.0] AndroidManifest.xml:25:5-29:19
MERGED from [com.android.support:support-compat:25.4.0] AndroidManifest.xml:25:5-29:19
MERGED from [com.android.support:support-compat:25.4.0] AndroidManifest.xml:25:5-29:19
	android:supportsRtl
		ADDED from src\main\AndroidManifest.xml:12:9-35
	android:label
		ADDED from src\main\AndroidManifest.xml:10:9-41
	android:roundIcon
		ADDED from src\main\AndroidManifest.xml:11:9-54
	android:icon
		ADDED from src\main\AndroidManifest.xml:9:9-43
	android:allowBackup
		ADDED from src\main\AndroidManifest.xml:8:9-35
	android:theme
		ADDED from src\main\AndroidManifest.xml:13:9-40
	tools:replace
		ADDED from src\main\AndroidManifest.xml:7:9-37
activity#com.example.sample.myapplication.MainActivity
ADDED from src\main\AndroidManifest.xml:14:9-20:20
	android:name
		ADDED from src\main\AndroidManifest.xml:14:19-47
intent-filter#android.intent.action.MAIN+android.intent.category.LAUNCHER
ADDED from src\main\AndroidManifest.xml:15:13-19:29
action#android.intent.action.MAIN
ADDED from src\main\AndroidManifest.xml:16:17-69
	android:name
		ADDED from src\main\AndroidManifest.xml:16:25-66
category#android.intent.category.LAUNCHER
ADDED from src\main\AndroidManifest.xml:18:17-77
	android:name
		ADDED from src\main\AndroidManifest.xml:18:27-74
uses-sdk
INJECTED from src\main\AndroidManifest.xml reason: use-sdk injection requested
INJECTED from src\main\AndroidManifest.xml
INJECTED from src\main\AndroidManifest.xml
MERGED from [:talkmsdklib-release:] AndroidManifest.xml:7:5-9:41
MERGED from [:talkmsdklib-release:] AndroidManifest.xml:7:5-9:41
MERGED from [com.android.support:appcompat-v7:25.4.0] AndroidManifest.xml:21:5-23:78
MERGED from [com.android.support:appcompat-v7:25.4.0] AndroidManifest.xml:21:5-23:78
MERGED from [com.android.support:cardview-v7:25.4.0] AndroidManifest.xml:20:5-43
MERGED from [com.android.support:cardview-v7:25.4.0] AndroidManifest.xml:20:5-43
MERGED from [com.android.support:recyclerview-v7:25.4.0] AndroidManifest.xml:20:5-43
MERGED from [com.android.support:recyclerview-v7:25.4.0] AndroidManifest.xml:20:5-43
MERGED from [com.android.support.constraint:constraint-layout:1.1.0] AndroidManifest.xml:5:5-7:41
MERGED from [com.android.support.constraint:constraint-layout:1.1.0] AndroidManifest.xml:5:5-7:41
MERGED from [pl.droidsonroids.gif:android-gif-drawable:1.2.12] AndroidManifest.xml:7:5-9:41
MERGED from [pl.droidsonroids.gif:android-gif-drawable:1.2.12] AndroidManifest.xml:7:5-9:41
MERGED from [com.android.support:animated-vector-drawable:25.4.0] AndroidManifest.xml:20:5-44
MERGED from [com.android.support:animated-vector-drawable:25.4.0] AndroidManifest.xml:20:5-44
MERGED from [com.android.support:support-vector-drawable:25.4.0] AndroidManifest.xml:20:5-43
MERGED from [com.android.support:support-vector-drawable:25.4.0] AndroidManifest.xml:20:5-43
MERGED from [com.android.support:support-v4:25.4.0] AndroidManifest.xml:21:5-23:54
MERGED from [com.android.support:support-v4:25.4.0] AndroidManifest.xml:21:5-23:54
MERGED from [com.android.support:support-fragment:25.4.0] AndroidManifest.xml:21:5-23:60
MERGED from [com.android.support:support-fragment:25.4.0] AndroidManifest.xml:21:5-23:60
MERGED from [com.android.support:support-core-ui:25.4.0] AndroidManifest.xml:21:5-23:58
MERGED from [com.android.support:support-core-ui:25.4.0] AndroidManifest.xml:21:5-23:58
MERGED from [com.android.support:support-media-compat:25.4.0] AndroidManifest.xml:21:5-23:63
MERGED from [com.android.support:support-media-compat:25.4.0] AndroidManifest.xml:21:5-23:63
MERGED from [com.android.support:support-core-utils:25.4.0] AndroidManifest.xml:21:5-23:61
MERGED from [com.android.support:support-core-utils:25.4.0] AndroidManifest.xml:21:5-23:61
MERGED from [com.android.support:support-compat:25.4.0] AndroidManifest.xml:21:5-23:58
MERGED from [com.android.support:support-compat:25.4.0] AndroidManifest.xml:21:5-23:58
INJECTED from src\main\AndroidManifest.xml
INJECTED from src\main\AndroidManifest.xml
	tools:overrideLibrary
		ADDED from [com.android.support:appcompat-v7:25.4.0] AndroidManifest.xml:23:9-75
	android:targetSdkVersion
		INJECTED from src\main\AndroidManifest.xml
		ADDED from src\main\AndroidManifest.xml
		INJECTED from src\main\AndroidManifest.xml
	android:minSdkVersion
		INJECTED from src\main\AndroidManifest.xml
		ADDED from src\main\AndroidManifest.xml
		INJECTED from src\main\AndroidManifest.xml
uses-permission#android.permission.INTERNET
ADDED from [:talkmsdklib-release:] AndroidManifest.xml:11:5-67
	android:name
		ADDED from [:talkmsdklib-release:] AndroidManifest.xml:11:22-64
uses-permission#android.permission.GET_TASKS
ADDED from [:talkmsdklib-release:] AndroidManifest.xml:12:5-68
	android:name
		ADDED from [:talkmsdklib-release:] AndroidManifest.xml:12:22-65
uses-permission#android.permission.READ_PHONE_STATE
ADDED from [:talkmsdklib-release:] AndroidManifest.xml:13:5-75
	android:name
		ADDED from [:talkmsdklib-release:] AndroidManifest.xml:13:22-72
uses-permission#android.permission.WRITE_EXTERNAL_STORAGE
ADDED from [:talkmsdklib-release:] AndroidManifest.xml:14:5-81
	android:name
		ADDED from [:talkmsdklib-release:] AndroidManifest.xml:14:22-78
uses-permission#android.permission.MOUNT_UNMOUNT_FILESYSTEMS
ADDED from [:talkmsdklib-release:] AndroidManifest.xml:15:5-84
	android:name
		ADDED from [:talkmsdklib-release:] AndroidManifest.xml:15:22-81
uses-permission#android.permission.CAMERA
ADDED from [:talkmsdklib-release:] AndroidManifest.xml:16:5-65
	android:name
		ADDED from [:talkmsdklib-release:] AndroidManifest.xml:16:22-62
uses-permission#android.permission.VIBRATE
ADDED from [:talkmsdklib-release:] AndroidManifest.xml:17:5-66
	android:name
		ADDED from [:talkmsdklib-release:] AndroidManifest.xml:17:22-63
uses-permission#android.permission.RESTART_PACKAGES
ADDED from [:talkmsdklib-release:] AndroidManifest.xml:18:5-75
	android:name
		ADDED from [:talkmsdklib-release:] AndroidManifest.xml:18:22-72
uses-permission#android.permission.RECORD_AUDIO
ADDED from [:talkmsdklib-release:] AndroidManifest.xml:19:5-71
	android:name
		ADDED from [:talkmsdklib-release:] AndroidManifest.xml:19:22-68
uses-permission#com.sonyericsson.permission.CAMERA_EXTENDED
ADDED from [:talkmsdklib-release:] AndroidManifest.xml:20:5-83
	android:name
		ADDED from [:talkmsdklib-release:] AndroidManifest.xml:20:22-80
uses-permission#android.permission.WAKE_LOCK
ADDED from [:talkmsdklib-release:] AndroidManifest.xml:21:5-68
	android:name
		ADDED from [:talkmsdklib-release:] AndroidManifest.xml:21:22-65
uses-permission#android.permission.ACCESS_NETWORK_STATE
ADDED from [:talkmsdklib-release:] AndroidManifest.xml:25:5-79
	android:name
		ADDED from [:talkmsdklib-release:] AndroidManifest.xml:25:22-76
uses-permission#android.permission.ACCESS_WIFI_STATE
ADDED from [:talkmsdklib-release:] AndroidManifest.xml:26:5-76
	android:name
		ADDED from [:talkmsdklib-release:] AndroidManifest.xml:26:22-73
uses-feature#0x00020000
ADDED from [:talkmsdklib-release:] AndroidManifest.xml:32:5-34:35
	android:glEsVersion
		ADDED from [:talkmsdklib-release:] AndroidManifest.xml:33:9-41
	android:required
		ADDED from [:talkmsdklib-release:] AndroidManifest.xml:34:9-32
uses-feature#android.hardware.camera
ADDED from [:talkmsdklib-release:] AndroidManifest.xml:36:5-38:36
	android:required
		ADDED from [:talkmsdklib-release:] AndroidManifest.xml:38:9-33
	android:name
		ADDED from [:talkmsdklib-release:] AndroidManifest.xml:37:9-47
uses-feature#android.hardware.camera.autofocus
ADDED from [:talkmsdklib-release:] AndroidManifest.xml:40:5-42:36
	android:required
		ADDED from [:talkmsdklib-release:] AndroidManifest.xml:42:9-33
	android:name
		ADDED from [:talkmsdklib-release:] AndroidManifest.xml:41:9-57
uses-permission#android.permission.MODIFY_AUDIO_SETTINGS
ADDED from [:talkmsdklib-release:] AndroidManifest.xml:44:5-80
	android:name
		ADDED from [:talkmsdklib-release:] AndroidManifest.xml:44:22-77
uses-permission#android.permission.CHANGE_WIFI_STATE
ADDED from [:talkmsdklib-release:] AndroidManifest.xml:45:5-76
	android:name
		ADDED from [:talkmsdklib-release:] AndroidManifest.xml:45:22-73
uses-permission#android.permission.READ_EXTERNAL_STORAGE
ADDED from [:talkmsdklib-release:] AndroidManifest.xml:46:5-80
	android:name
		ADDED from [:talkmsdklib-release:] AndroidManifest.xml:46:22-77
activity#com.starsystems.talkmsdklib.MainActivity_arr
ADDED from [:talkmsdklib-release:] AndroidManifest.xml:52:9-81
	android:name
		ADDED from [:talkmsdklib-release:] AndroidManifest.xml:52:19-78
activity#com.starsystems.talkmsdklib.chat.ChatActivity
ADDED from [:talkmsdklib-release:] AndroidManifest.xml:53:9-58:75
	android:screenOrientation
		ADDED from [:talkmsdklib-release:] AndroidManifest.xml:56:13-49
	android:windowSoftInputMode
		ADDED from [:talkmsdklib-release:] AndroidManifest.xml:58:13-72
	android:configChanges
		ADDED from [:talkmsdklib-release:] AndroidManifest.xml:55:13-63
	android:theme
		ADDED from [:talkmsdklib-release:] AndroidManifest.xml:57:13-44
	android:name
		ADDED from [:talkmsdklib-release:] AndroidManifest.xml:54:13-73
activity#com.starsystems.talkmsdklib.chat.sendimg.PreviewAndSendActivity
ADDED from [:talkmsdklib-release:] AndroidManifest.xml:59:9-63:75
	android:screenOrientation
		ADDED from [:talkmsdklib-release:] AndroidManifest.xml:62:13-49
	android:windowSoftInputMode
		ADDED from [:talkmsdklib-release:] AndroidManifest.xml:63:13-72
	android:configChanges
		ADDED from [:talkmsdklib-release:] AndroidManifest.xml:61:13-63
	android:name
		ADDED from [:talkmsdklib-release:] AndroidManifest.xml:60:13-91
activity#com.eva.android.widget.ImageViewActivity
ADDED from [:talkmsdklib-release:] AndroidManifest.xml:64:9-68:75
	android:screenOrientation
		ADDED from [:talkmsdklib-release:] AndroidManifest.xml:67:13-49
	android:windowSoftInputMode
		ADDED from [:talkmsdklib-release:] AndroidManifest.xml:68:13-72
	android:configChanges
		ADDED from [:talkmsdklib-release:] AndroidManifest.xml:66:13-63
	android:name
		ADDED from [:talkmsdklib-release:] AndroidManifest.xml:65:13-68
activity#com.starsystems.talkmsdklib.chat.PreSurveyActivity
ADDED from [:talkmsdklib-release:] AndroidManifest.xml:69:9-75:75
	android:screenOrientation
		ADDED from [:talkmsdklib-release:] AndroidManifest.xml:73:13-49
	android:windowSoftInputMode
		ADDED from [:talkmsdklib-release:] AndroidManifest.xml:75:13-72
	android:noHistory
		ADDED from [:talkmsdklib-release:] AndroidManifest.xml:72:13-37
	android:configChanges
		ADDED from [:talkmsdklib-release:] AndroidManifest.xml:71:13-63
	android:theme
		ADDED from [:talkmsdklib-release:] AndroidManifest.xml:74:13-44
	android:name
		ADDED from [:talkmsdklib-release:] AndroidManifest.xml:70:13-78
activity#com.starsystems.talkmsdklib.chat.NoAgentsAvailableActivity
ADDED from [:talkmsdklib-release:] AndroidManifest.xml:76:9-82:75
	android:screenOrientation
		ADDED from [:talkmsdklib-release:] AndroidManifest.xml:80:13-49
	android:windowSoftInputMode
		ADDED from [:talkmsdklib-release:] AndroidManifest.xml:82:13-72
	android:noHistory
		ADDED from [:talkmsdklib-release:] AndroidManifest.xml:79:13-37
	android:configChanges
		ADDED from [:talkmsdklib-release:] AndroidManifest.xml:78:13-63
	android:theme
		ADDED from [:talkmsdklib-release:] AndroidManifest.xml:81:13-44
	android:name
		ADDED from [:talkmsdklib-release:] AndroidManifest.xml:77:13-86
activity#com.starsystems.talkmsdklib.chat.LeaveUsAMessageActivity
ADDED from [:talkmsdklib-release:] AndroidManifest.xml:83:9-89:75
	android:screenOrientation
		ADDED from [:talkmsdklib-release:] AndroidManifest.xml:87:13-49
	android:windowSoftInputMode
		ADDED from [:talkmsdklib-release:] AndroidManifest.xml:89:13-72
	android:noHistory
		ADDED from [:talkmsdklib-release:] AndroidManifest.xml:86:13-37
	android:configChanges
		ADDED from [:talkmsdklib-release:] AndroidManifest.xml:85:13-63
	android:theme
		ADDED from [:talkmsdklib-release:] AndroidManifest.xml:88:13-44
	android:name
		ADDED from [:talkmsdklib-release:] AndroidManifest.xml:84:13-84
activity#com.starsystems.talkmsdklib.chat.ThankYouActivity
ADDED from [:talkmsdklib-release:] AndroidManifest.xml:90:9-96:75
	android:screenOrientation
		ADDED from [:talkmsdklib-release:] AndroidManifest.xml:94:13-49
	android:windowSoftInputMode
		ADDED from [:talkmsdklib-release:] AndroidManifest.xml:96:13-72
	android:noHistory
		ADDED from [:talkmsdklib-release:] AndroidManifest.xml:93:13-37
	android:configChanges
		ADDED from [:talkmsdklib-release:] AndroidManifest.xml:92:13-63
	android:theme
		ADDED from [:talkmsdklib-release:] AndroidManifest.xml:95:13-44
	android:name
		ADDED from [:talkmsdklib-release:] AndroidManifest.xml:91:13-77
activity#com.starsystems.talkmsdklib.chat.ProfileActivity
ADDED from [:talkmsdklib-release:] AndroidManifest.xml:97:9-103:75
	android:screenOrientation
		ADDED from [:talkmsdklib-release:] AndroidManifest.xml:101:13-49
	android:windowSoftInputMode
		ADDED from [:talkmsdklib-release:] AndroidManifest.xml:103:13-72
	android:noHistory
		ADDED from [:talkmsdklib-release:] AndroidManifest.xml:100:13-37
	android:configChanges
		ADDED from [:talkmsdklib-release:] AndroidManifest.xml:99:13-63
	android:theme
		ADDED from [:talkmsdklib-release:] AndroidManifest.xml:102:13-44
	android:name
		ADDED from [:talkmsdklib-release:] AndroidManifest.xml:98:13-76
activity#com.starsystems.talkmsdklib.chat.ExportChatActivity
ADDED from [:talkmsdklib-release:] AndroidManifest.xml:104:9-110:75
	android:screenOrientation
		ADDED from [:talkmsdklib-release:] AndroidManifest.xml:108:13-49
	android:windowSoftInputMode
		ADDED from [:talkmsdklib-release:] AndroidManifest.xml:110:13-72
	android:noHistory
		ADDED from [:talkmsdklib-release:] AndroidManifest.xml:107:13-37
	android:configChanges
		ADDED from [:talkmsdklib-release:] AndroidManifest.xml:106:13-63
	android:theme
		ADDED from [:talkmsdklib-release:] AndroidManifest.xml:109:13-44
	android:name
		ADDED from [:talkmsdklib-release:] AndroidManifest.xml:105:13-79
activity#com.starsystems.talkmsdklib.chat.imagepicker.ui.imagepicker.ImagePickerActivity
ADDED from [:talkmsdklib-release:] AndroidManifest.xml:111:9-114:67
	android:configChanges
		ADDED from [:talkmsdklib-release:] AndroidManifest.xml:113:13-59
	android:theme
		ADDED from [:talkmsdklib-release:] AndroidManifest.xml:114:13-64
	android:name
		ADDED from [:talkmsdklib-release:] AndroidManifest.xml:112:13-107
activity#com.starsystems.talkmsdklib.chat.imagepicker.ui.camera.CameraActivity
ADDED from [:talkmsdklib-release:] AndroidManifest.xml:115:9-118:62
	android:screenOrientation
		ADDED from [:talkmsdklib-release:] AndroidManifest.xml:117:13-49
	android:theme
		ADDED from [:talkmsdklib-release:] AndroidManifest.xml:118:13-59
	android:name
		ADDED from [:talkmsdklib-release:] AndroidManifest.xml:116:13-97
provider#android.support.v4.content.FileProvider
ADDED from [:talkmsdklib-release:] AndroidManifest.xml:120:9-128:20
	android:grantUriPermissions
		ADDED from [:talkmsdklib-release:] AndroidManifest.xml:124:13-47
	android:authorities
		ADDED from [:talkmsdklib-release:] AndroidManifest.xml:122:13-64
	android:exported
		ADDED from [:talkmsdklib-release:] AndroidManifest.xml:123:13-37
	android:name
		ADDED from [:talkmsdklib-release:] AndroidManifest.xml:121:13-67
meta-data#android.support.FILE_PROVIDER_PATHS
ADDED from [:talkmsdklib-release:] AndroidManifest.xml:125:13-127:66
	android:resource
		ADDED from [:talkmsdklib-release:] AndroidManifest.xml:127:17-63
	android:name
		ADDED from [:talkmsdklib-release:] AndroidManifest.xml:126:17-67
activity#com.starsystems.talkmsdklib.chat.WebViewActivity
ADDED from [:talkmsdklib-release:] AndroidManifest.xml:130:9-132:63
	android:label
		ADDED from [:talkmsdklib-release:] AndroidManifest.xml:132:13-60
	android:name
		ADDED from [:talkmsdklib-release:] AndroidManifest.xml:131:13-76
meta-data#android.support.VERSION
ADDED from [com.android.support:appcompat-v7:25.4.0] AndroidManifest.xml:26:9-28:38
MERGED from [com.android.support:cardview-v7:25.4.0] AndroidManifest.xml:23:9-25:38
MERGED from [com.android.support:cardview-v7:25.4.0] AndroidManifest.xml:23:9-25:38
MERGED from [com.android.support:recyclerview-v7:25.4.0] AndroidManifest.xml:23:9-25:38
MERGED from [com.android.support:recyclerview-v7:25.4.0] AndroidManifest.xml:23:9-25:38
MERGED from [com.android.support:animated-vector-drawable:25.4.0] AndroidManifest.xml:23:9-25:38
MERGED from [com.android.support:animated-vector-drawable:25.4.0] AndroidManifest.xml:23:9-25:38
MERGED from [com.android.support:support-vector-drawable:25.4.0] AndroidManifest.xml:23:9-25:38
MERGED from [com.android.support:support-vector-drawable:25.4.0] AndroidManifest.xml:23:9-25:38
MERGED from [com.android.support:support-v4:25.4.0] AndroidManifest.xml:26:9-28:38
MERGED from [com.android.support:support-v4:25.4.0] AndroidManifest.xml:26:9-28:38
MERGED from [com.android.support:support-fragment:25.4.0] AndroidManifest.xml:26:9-28:38
MERGED from [com.android.support:support-fragment:25.4.0] AndroidManifest.xml:26:9-28:38
MERGED from [com.android.support:support-core-ui:25.4.0] AndroidManifest.xml:26:9-28:38
MERGED from [com.android.support:support-core-ui:25.4.0] AndroidManifest.xml:26:9-28:38
MERGED from [com.android.support:support-media-compat:25.4.0] AndroidManifest.xml:26:9-28:38
MERGED from [com.android.support:support-media-compat:25.4.0] AndroidManifest.xml:26:9-28:38
MERGED from [com.android.support:support-core-utils:25.4.0] AndroidManifest.xml:26:9-28:38
MERGED from [com.android.support:support-core-utils:25.4.0] AndroidManifest.xml:26:9-28:38
MERGED from [com.android.support:support-compat:25.4.0] AndroidManifest.xml:26:9-28:38
MERGED from [com.android.support:support-compat:25.4.0] AndroidManifest.xml:26:9-28:38
	android:value
		ADDED from [com.android.support:appcompat-v7:25.4.0] AndroidManifest.xml:28:13-35
	android:name
		ADDED from [com.android.support:appcompat-v7:25.4.0] AndroidManifest.xml:27:13-51